{
  "stats": {
    "suites": 1,
    "tests": 3,
    "passes": 3,
    "pending": 0,
    "failures": 0,
    "start": "2021-07-22T22:27:01.986Z",
    "end": "2021-07-22T22:27:42.396Z",
    "duration": 40410,
    "testsRegistered": 3,
    "passPercent": 100,
    "pendingPercent": 0,
    "other": 0,
    "hasOther": false,
    "skipped": 0,
    "hasSkipped": false
  },
  "results": [
    {
      "uuid": "e9066c0f-cf09-4963-95eb-d226eb7611f8",
      "title": "",
      "fullFile": "cypress/integration/compra.spec.js",
      "file": "cypress/integration/compra.spec.js",
      "beforeHooks": [],
      "afterHooks": [],
      "tests": [],
      "suites": [
        {
          "uuid": "c6d7a317-2df8-4036-8f9e-0115aa0d74ad",
          "title": "Fluxo de compra ",
          "fullFile": "",
          "file": "",
          "beforeHooks": [],
          "afterHooks": [],
          "tests": [
            {
              "title": "Clicando no link comprar deve direcionar para a página de compra",
              "fullTitle": "Fluxo de compra  Clicando no link comprar deve direcionar para a página de compra",
              "timedOut": null,
              "duration": 5195,
              "state": "passed",
              "speed": "slow",
              "pass": true,
              "fail": false,
              "pending": false,
              "context": null,
              "code": "cy.paginaDeCompra(); // cy.visit('/')\n// cy.get('#primary-menu > .menu-item-629 > a').as('menuCompra')\n// cy.get('@menuCompra').click()\n// cy.contains('Produtos')\n// cy.get('@menuCompra').contains('Comprar').and('have.attr', 'href').and('include', 'shop')\n// cy.get('.page-title').should('contain', 'Produtos')\n// cy.url().should('contain', 'shop')",
              "err": {},
              "uuid": "f0e298d8-3f24-4fe6-b2cb-061ee171f311",
              "parentUUID": "c6d7a317-2df8-4036-8f9e-0115aa0d74ad",
              "isHook": false,
              "skipped": false
            },
            {
              "title": "Selecionando primeiro produto da listagem",
              "fullTitle": "Fluxo de compra  Selecionando primeiro produto da listagem",
              "timedOut": null,
              "duration": 5066,
              "state": "passed",
              "speed": "slow",
              "pass": true,
              "fail": false,
              "pending": false,
              "context": null,
              "code": "cy.selecioneProduto(); // cy.visit('shop')\n// cy.get('div[data-product-id=2559]').click()\n// cy.contains('Abominable Hoodie')",
              "err": {},
              "uuid": "dd88f9d5-052d-40a6-86bf-58a0f7f4481e",
              "parentUUID": "c6d7a317-2df8-4036-8f9e-0115aa0d74ad",
              "isHook": false,
              "skipped": false
            },
            {
              "title": "Adicionando produto ao carrinho e realizando checkout",
              "fullTitle": "Fluxo de compra  Adicionando produto ao carrinho e realizando checkout",
              "timedOut": null,
              "duration": 19866,
              "state": "passed",
              "speed": "slow",
              "pass": true,
              "fail": false,
              "pending": false,
              "context": null,
              "code": "// cy.visit('product/abominable-hoodie')\ndescribe('Adicionando produto', () => {\n  cy.adicioneProduto(); // cy.get('.button-variable-item-XS').click()\n  // cy.get('.button-variable-item-Blue').click()\n  // cy.get('.single_add_to_cart_button').click()\n});\ndescribe('Verificando carrinho', () => {\n  cy.verifiqueCarrinho(); // cy.get('.dropdown-toggle > .text-skin > .icon-basket').click()\n  // cy.get('#cart > .dropdown-menu > .widget_shopping_cart_content > .mini_cart_content > .mini_cart_inner > .mcart-border > .buttons > .view-cart').click()\n  // cy.get('.page-title').should('contain', 'Carrinho')\n  // cy.url().should('contain', 'cart')\n  // cy.get('.checkout-button').click() \n});\ndescribe('Realizando checkout', () => {\n  cy.realizeCheckout(); // cy.url().should('contain', 'checkout')\n  // cy.get('#billing_first_name').type('Mestre')\n  // cy.get('#billing_last_name').type('Kame')\n  // cy.get('#billing_company').type('Capsula Corp')\n  // cy.get('select#billing_country').select(data.pais, { force: true })\n  // cy.get('#billing_address_1').type(data.endereco)\n  // cy.get('#billing_address_2').type(data.complemento)\n  // cy.get('#billing_city').type(data.cidade)\n  // cy.get('select#billing_state').select(data.estado, { force: true })\n  // cy.get('#billing_postcode').type(data.cep)\n  // cy.get('#billing_phone').type(data.fone)\n  // cy.get('#billing_email').type(data.email)\n  // cy.get('#order_comments').type(data.comentario)\n  // cy.get('#place_order').click()\n});\ndescribe('Finalizando pedido ', () => {\n  cy.finalizePedido(); // cy.url().should('contain', 'order-received')\n  // cy.get('.page-title').should('contain', 'Pedido recebido')\n});",
              "err": {},
              "uuid": "5368abe0-149f-4898-82ca-6a287bbc20ab",
              "parentUUID": "c6d7a317-2df8-4036-8f9e-0115aa0d74ad",
              "isHook": false,
              "skipped": false
            }
          ],
          "suites": [],
          "passes": [
            "f0e298d8-3f24-4fe6-b2cb-061ee171f311",
            "dd88f9d5-052d-40a6-86bf-58a0f7f4481e",
            "5368abe0-149f-4898-82ca-6a287bbc20ab"
          ],
          "failures": [],
          "pending": [],
          "skipped": [],
          "duration": 30127,
          "root": false,
          "rootEmpty": false,
          "_timeout": 2000
        }
      ],
      "passes": [],
      "failures": [],
      "pending": [],
      "skipped": [],
      "duration": 0,
      "root": true,
      "rootEmpty": true,
      "_timeout": 2000
    }
  ],
  "meta": {
    "mocha": {
      "version": "7.0.1"
    },
    "mochawesome": {
      "options": {
        "quiet": true,
        "reportFilename": "mochawesome",
        "saveHtml": false,
        "saveJson": true,
        "consoleReporter": "spec",
        "useInlineDiffs": false,
        "code": true
      },
      "version": "6.2.2"
    },
    "marge": {
      "options": {
        "id": "default",
        "reportDir": "mochawesome-report",
        "quiet": true,
        "overwrite": false,
        "html": false,
        "json": true
      },
      "version": "5.2.0"
    }
  }
}