{
  "stats": {
    "suites": 1,
    "tests": 3,
    "passes": 2,
    "pending": 0,
    "failures": 1,
    "start": "2021-07-22T20:34:48.277Z",
    "end": "2021-07-22T20:35:22.558Z",
    "duration": 34281,
    "testsRegistered": 3,
    "passPercent": 66.66666666666666,
    "pendingPercent": 0,
    "other": 0,
    "hasOther": false,
    "skipped": 0,
    "hasSkipped": false
  },
  "results": [
    {
      "uuid": "5b979c24-6e1c-4935-bb2e-3ee30449e36c",
      "title": "",
      "fullFile": "cypress/integration/compra.spec.js",
      "file": "cypress/integration/compra.spec.js",
      "beforeHooks": [],
      "afterHooks": [],
      "tests": [],
      "suites": [
        {
          "uuid": "1f541b35-855b-4c53-bf8a-822117a44f0e",
          "title": "Fluxo de compra ",
          "fullFile": "",
          "file": "",
          "beforeHooks": [],
          "afterHooks": [],
          "tests": [
            {
              "title": "Clicando no link comprar deve direcionar para a página de compra",
              "fullTitle": "Fluxo de compra  Clicando no link comprar deve direcionar para a página de compra",
              "timedOut": null,
              "duration": 4199,
              "state": "passed",
              "speed": "slow",
              "pass": true,
              "fail": false,
              "pending": false,
              "context": null,
              "code": "cy.paginaDeCompra(); // cy.visit('/')\n// cy.get('#primary-menu > .menu-item-629 > a').as('menuCompra')\n// cy.get('@menuCompra').click()\n// cy.contains('Produtos')\n// cy.get('@menuCompra').contains('Comprar').and('have.attr', 'href').and('include', 'shop')\n// cy.get('.page-title').should('contain', 'Produtos')\n// cy.url().should('contain', 'shop')",
              "err": {},
              "uuid": "3fe2bbbf-7ff3-4cc7-9fa2-881608799d2c",
              "parentUUID": "1f541b35-855b-4c53-bf8a-822117a44f0e",
              "isHook": false,
              "skipped": false
            },
            {
              "title": "Selecionando primeiro produto da listagem",
              "fullTitle": "Fluxo de compra  Selecionando primeiro produto da listagem",
              "timedOut": null,
              "duration": 3566,
              "state": "passed",
              "speed": "slow",
              "pass": true,
              "fail": false,
              "pending": false,
              "context": null,
              "code": "cy.selecioneProduto(); // cy.visit('shop')\n// cy.get('div[data-product-id=2559]').click()\n// cy.contains('Abominable Hoodie')",
              "err": {},
              "uuid": "319b7bce-f3fc-4f55-a421-f459ef6d57ac",
              "parentUUID": "1f541b35-855b-4c53-bf8a-822117a44f0e",
              "isHook": false,
              "skipped": false
            },
            {
              "title": "Adicionando produto ao carrinho e realizando checkout",
              "fullTitle": "Fluxo de compra  Adicionando produto ao carrinho e realizando checkout",
              "timedOut": null,
              "duration": 18408,
              "state": "failed",
              "speed": null,
              "pass": false,
              "fail": true,
              "pending": false,
              "context": null,
              "code": "// cy.visit('product/abominable-hoodie')\ndescribe('Adicionando produto', () => {\n  cy.adicioneProduto(); // cy.get('.button-variable-item-XS').click()\n  // cy.get('.button-variable-item-Blue').click()\n  // cy.get('.single_add_to_cart_button').click()\n});\ndescribe('Verificando carrinho', () => {\n  cy.verifiqueCarrinho(); // cy.get('.dropdown-toggle > .text-skin > .icon-basket').click()\n  // cy.get('#cart > .dropdown-menu > .widget_shopping_cart_content > .mini_cart_content > .mini_cart_inner > .mcart-border > .buttons > .view-cart').click()\n  // cy.get('.page-title').should('contain', 'Carrinho')\n  // cy.url().should('contain', 'cart')\n  // cy.get('.checkout-button').click() \n});\ndescribe('Realizando checkout', () => {\n  cy.realizeCheckout(); // cy.url().should('contain', 'checkout')\n  // cy.get('#billing_first_name').type('Mestre')\n  // cy.get('#billing_last_name').type('Kame')\n  // cy.get('#billing_company').type('Capsula Corp')\n  // cy.get('select#billing_country').select(data.pais, { force: true })\n  // cy.get('#billing_address_1').type(data.endereco)\n  // cy.get('#billing_address_2').type(data.complemento)\n  // cy.get('#billing_city').type(data.cidade)\n  // cy.get('select#billing_state').select(data.estado, { force: true })\n  // cy.get('#billing_postcode').type(data.cep)\n  // cy.get('#billing_phone').type(data.fone)\n  // cy.get('#billing_email').type(data.email)\n  // cy.get('#order_comments').type(data.comentario)\n  // cy.get('#place_order').click()\n});\ndescribe('Finalizando pedido ', () => {\n  cy.finalizePedido(); // cy.url().should('contain', 'order-received')\n  // cy.get('.page-title').should('contain', 'Pedido recebido')\n});",
              "err": {
                "message": "AssertionError: Timed out retrying after 4000ms: expected 'http://lojaebac.ebaconline.art.br/checkout/' to include 'order-received'",
                "estack": "AssertionError: Timed out retrying after 4000ms: expected 'http://lojaebac.ebaconline.art.br/checkout/' to include 'order-received'\n    at Context.eval (http://lojaebac.ebaconline.art.br/__cypress/tests?p=cypress/support/index.js:193:12)",
                "diff": null
              },
              "uuid": "4b208161-ab22-46f8-b4ae-3d84216dd56c",
              "parentUUID": "1f541b35-855b-4c53-bf8a-822117a44f0e",
              "isHook": false,
              "skipped": false
            }
          ],
          "suites": [],
          "passes": [
            "3fe2bbbf-7ff3-4cc7-9fa2-881608799d2c",
            "319b7bce-f3fc-4f55-a421-f459ef6d57ac"
          ],
          "failures": [
            "4b208161-ab22-46f8-b4ae-3d84216dd56c"
          ],
          "pending": [],
          "skipped": [],
          "duration": 26173,
          "root": false,
          "rootEmpty": false,
          "_timeout": 2000
        }
      ],
      "passes": [],
      "failures": [],
      "pending": [],
      "skipped": [],
      "duration": 0,
      "root": true,
      "rootEmpty": true,
      "_timeout": 2000
    }
  ],
  "meta": {
    "mocha": {
      "version": "7.0.1"
    },
    "mochawesome": {
      "options": {
        "quiet": true,
        "reportFilename": "mochawesome",
        "saveHtml": false,
        "saveJson": true,
        "consoleReporter": "spec",
        "useInlineDiffs": false,
        "code": true
      },
      "version": "6.2.2"
    },
    "marge": {
      "options": {
        "id": "default",
        "reportDir": "mochawesome-report",
        "quiet": true,
        "overwrite": false,
        "html": false,
        "json": true
      },
      "version": "5.2.0"
    }
  }
}